Performing C SOURCE FILE Test CMAKE_HAVE_LIBC_PTHREAD failed with the following output:
Change Dir: /home/moborobot/Moborobo-Project/on_robot/build/CMakeFiles/CMakeTmp

Run Build Command(s):/usr/bin/make cmTC_403d5/fast && /usr/bin/make -f CMakeFiles/cmTC_403d5.dir/build.make CMakeFiles/cmTC_403d5.dir/build
make[1]: Entering directory '/home/moborobot/Moborobo-Project/on_robot/build/CMakeFiles/CMakeTmp'
Building C object CMakeFiles/cmTC_403d5.dir/src.c.o
/usr/bin/cc   -DCMAKE_HAVE_LIBC_PTHREAD   -o CMakeFiles/cmTC_403d5.dir/src.c.o   -c /home/moborobot/Moborobo-Project/on_robot/build/CMakeFiles/CMakeTmp/src.c
Linking C executable cmTC_403d5
/usr/bin/cmake -E cmake_link_script CMakeFiles/cmTC_403d5.dir/link.txt --verbose=1
/usr/bin/cc  -DCMAKE_HAVE_LIBC_PTHREAD    -rdynamic CMakeFiles/cmTC_403d5.dir/src.c.o  -o cmTC_403d5 
/usr/bin/ld: CMakeFiles/cmTC_403d5.dir/src.c.o: in function `main':
src.c:(.text+0x48): undefined reference to `pthread_create'
/usr/bin/ld: src.c:(.text+0x50): undefined reference to `pthread_detach'
/usr/bin/ld: src.c:(.text+0x5c): undefined reference to `pthread_join'
collect2: error: ld returned 1 exit status
make[1]: *** [CMakeFiles/cmTC_403d5.dir/build.make:87: cmTC_403d5] Error 1
make[1]: Leaving directory '/home/moborobot/Moborobo-Project/on_robot/build/CMakeFiles/CMakeTmp'
make: *** [Makefile:121: cmTC_403d5/fast] Error 2


Source file was:
#include <pthread.h>

void* test_func(void* data)
{
  return data;
}

int main(void)
{
  pthread_t thread;
  pthread_create(&thread, NULL, test_func, NULL);
  pthread_detach(thread);
  pthread_join(thread, NULL);
  pthread_atfork(NULL, NULL, NULL);
  pthread_exit(NULL);

  return 0;
}

Determining if the function pthread_create exists in the pthreads failed with the following output:
Change Dir: /home/moborobot/Moborobo-Project/on_robot/build/CMakeFiles/CMakeTmp

Run Build Command(s):/usr/bin/make cmTC_baf03/fast && /usr/bin/make -f CMakeFiles/cmTC_baf03.dir/build.make CMakeFiles/cmTC_baf03.dir/build
make[1]: Entering directory '/home/moborobot/Moborobo-Project/on_robot/build/CMakeFiles/CMakeTmp'
Building C object CMakeFiles/cmTC_baf03.dir/CheckFunctionExists.c.o
/usr/bin/cc   -DCHECK_FUNCTION_EXISTS=pthread_create   -o CMakeFiles/cmTC_baf03.dir/CheckFunctionExists.c.o   -c /usr/share/cmake-3.16/Modules/CheckFunctionExists.c
Linking C executable cmTC_baf03
/usr/bin/cmake -E cmake_link_script CMakeFiles/cmTC_baf03.dir/link.txt --verbose=1
/usr/bin/cc  -DCHECK_FUNCTION_EXISTS=pthread_create    -rdynamic CMakeFiles/cmTC_baf03.dir/CheckFunctionExists.c.o  -o cmTC_baf03  -lpthreads 
/usr/bin/ld: cannot find -lpthreads
collect2: error: ld returned 1 exit status
make[1]: *** [CMakeFiles/cmTC_baf03.dir/build.make:87: cmTC_baf03] Error 1
make[1]: Leaving directory '/home/moborobot/Moborobo-Project/on_robot/build/CMakeFiles/CMakeTmp'
make: *** [Makefile:121: cmTC_baf03/fast] Error 2



Determining if the function sgemm_ exists failed with the following output:
Change Dir: /home/moborobot/Moborobo-Project/on_robot/build/CMakeFiles/CMakeTmp

Run Build Command(s):/usr/bin/make cmTC_92d26/fast && /usr/bin/make -f CMakeFiles/cmTC_92d26.dir/build.make CMakeFiles/cmTC_92d26.dir/build
make[1]: Entering directory '/home/moborobot/Moborobo-Project/on_robot/build/CMakeFiles/CMakeTmp'
Building C object CMakeFiles/cmTC_92d26.dir/CheckFunctionExists.c.o
/usr/bin/cc   -DCHECK_FUNCTION_EXISTS=sgemm_   -o CMakeFiles/cmTC_92d26.dir/CheckFunctionExists.c.o   -c /usr/share/cmake-3.16/Modules/CheckFunctionExists.c
Linking C executable cmTC_92d26
/usr/bin/cmake -E cmake_link_script CMakeFiles/cmTC_92d26.dir/link.txt --verbose=1
/usr/bin/cc  -DCHECK_FUNCTION_EXISTS=sgemm_    CMakeFiles/cmTC_92d26.dir/CheckFunctionExists.c.o  -o cmTC_92d26 
/usr/bin/ld: CMakeFiles/cmTC_92d26.dir/CheckFunctionExists.c.o: in function `main':
CheckFunctionExists.c:(.text+0x10): undefined reference to `sgemm_'
collect2: error: ld returned 1 exit status
make[1]: *** [CMakeFiles/cmTC_92d26.dir/build.make:87: cmTC_92d26] Error 1
make[1]: Leaving directory '/home/moborobot/Moborobo-Project/on_robot/build/CMakeFiles/CMakeTmp'
make: *** [Makefile:121: cmTC_92d26/fast] Error 2



